<?xml version="1.0" encoding="UTF-8"?>
<!-- Generated by org.testng.reporters.JUnitReportReporter -->
<testsuite hostname="LTIN514053" failures="0" tests="10" name="TestCase.TC_004_ValidateAllSearchResultsTest" time="115.545" errors="0" timestamp="2024-06-13T15:15:08 IST" skipped="0">
  <testcase classname="TestCase.TC_004_ValidateAllSearchResultsTest" name="userVerification" time="14.538"/>
  <system-out/>
  <testcase classname="TestCase.TC_004_ValidateAllSearchResultsTest" name="ThreeWeeksVerification" time="31.730"/>
  <system-out/>
  <testcase classname="TestCase.TC_004_ValidateAllSearchResultsTest" name="verifyCurrentDateDetails" time="13.237"/>
  <system-out/>
  <testcase classname="TestCase.TC_004_ValidateAllSearchResultsTest" name="verifyApprovedStatusResult" time="6.153"/>
  <system-out/>
  <testcase classname="TestCase.TC_004_ValidateAllSearchResultsTest" name="verifyPendingStatusResult" time="6.722"/>
  <system-out/>
  <testcase classname="TestCase.TC_004_ValidateAllSearchResultsTest" name="verifySubmittedforApprovalStatusResult" time="6.793"/>
  <system-out/>
  <testcase classname="TestCase.TC_004_ValidateAllSearchResultsTest" name="verifyAlertSearchStatus" time="8.976"/>
  <system-out/>
  <testcase classname="TestCase.TC_004_ValidateAllSearchResultsTest" name="verifyAlertSearchStatus" time="9.151"/>
  <system-out/>
  <testcase classname="TestCase.TC_004_ValidateAllSearchResultsTest" name="verifyAlertSearchStatus" time="9.091"/>
  <system-out/>
  <testcase classname="TestCase.TC_004_ValidateAllSearchResultsTest" name="verifyAlertSearchStatus" time="9.154"/>
  <system-out/>
</testsuite> <!-- TestCase.TC_004_ValidateAllSearchResultsTest -->
